<?xml version="1.0" encoding="UTF-8"?>
<testsuite xmlns:xsi="http://www.w3.org/2001/XMLSchema-instance" xsi:noNamespaceSchemaLocation="https://maven.apache.org/surefire/maven-surefire-plugin/xsd/surefire-test-report-3.0.xsd" version="3.0" name="CalculatorTest" time="0.046" tests="7" errors="0" skipped="0" failures="0">
  <properties>
[...]
</properties>
  <testcase name="raise_exception" classname="CalculatorTest" time="0.018"/>
  <testcase name="divide_q2" classname="CalculatorTest" time="0.003"/>
  <testcase name="divide_zero" classname="CalculatorTest" time="0.002"/>
  <testcase name="divide" classname="CalculatorTest" time="0.002"/>
  <testcase name="add" classname="CalculatorTest" time="0.001"/>
  <testcase name="multiply" classname="CalculatorTest" time="0.002"/>
  <testcase name="returnNull" classname="CalculatorTest" time="0.001"/>
</testsuite>